<?xml version="1.0" encoding="UTF-8"?>
<testng-results skipped="0" failed="0" ignored="0" total="2" passed="2">
  <reporter-output>
  </reporter-output>
  <suite name="Suite" duration-ms="10382" started-at="2021-03-14T13:47:36Z" finished-at="2021-03-14T13:47:46Z">
    <groups>
    </groups>
    <test name="Test" duration-ms="10382" started-at="2021-03-14T13:47:36Z" finished-at="2021-03-14T13:47:46Z">
      <class name="org.testngpractice.ExecuteTestNG">
        <test-method status="PASS" signature="firstTC()[pri:0, instance:org.testngpractice.ExecuteTestNG@29774679]" name="firstTC" is-config="true" duration-ms="8686" started-at="2021-03-14T13:47:36Z" finished-at="2021-03-14T13:47:45Z">
          <reporter-output>
          </reporter-output>
        </test-method> <!-- firstTC -->
        <test-method status="PASS" signature="loginPage()[pri:0, instance:org.testngpractice.ExecuteTestNG@29774679]" name="loginPage" duration-ms="1275" started-at="2021-03-14T13:47:45Z" finished-at="2021-03-14T13:47:46Z">
          <reporter-output>
          </reporter-output>
        </test-method> <!-- loginPage -->
        <test-method status="PASS" signature="searchHotelPage()[pri:0, instance:org.testngpractice.ExecuteTestNG@29774679]" name="searchHotelPage" duration-ms="391" started-at="2021-03-14T13:47:46Z" finished-at="2021-03-14T13:47:46Z">
          <reporter-output>
          </reporter-output>
        </test-method> <!-- searchHotelPage -->
      </class> <!-- org.testngpractice.ExecuteTestNG -->
    </test> <!-- Test -->
  </suite> <!-- Suite -->
</testng-results>
